Rebuild target 'Target 1'
compiling App_Bluetooth.c...
App\App_Bluetooth.c(30): warning C280: 'len': unreferenced local variable
compiling App_Ultrasonic.c...
compiling App_Tracker.c...
compiling App_Battery.c...
compiling Light.c...
compiling Key.c...
compiling Battery.c...
compiling Ultrasonic.c...
compiling Motors.c...
compiling Tracker.c...
compiling Buzzer.c...
compiling main.c...
compiling UART.c...
compiling UART_Isr.c...
compiling Delay.c...
compiling GPIO.c...
compiling NVIC.c...
compiling ADC.c...
compiling ADC_Isr.c...
compiling STC8H_PWM.c...
assembling Conf_tny.A51...
linking...
Program Size: data=75.7 xdata=1246 code=15728
creating hex file from ".\Objects\Project"...
".\Objects\Project" - 0 Error(s), 1 Warning(s).
Build Time Elapsed:  00:00:01
