C51 COMPILER V9.60.7.0   APP_TRACKER                                                       08/29/2024 12:06:30 PAGE 1   


C51 COMPILER V9.60.7.0, COMPILATION OF MODULE APP_TRACKER
OBJECT MODULE PLACED IN .\Objects\App_Tracker.obj
COMPILER INVOKED BY: D:\Keil_v5\C51\BIN\C51.EXE App\App_Tracker.c LARGE OPTIMIZE(8,SPEED) BROWSE INCDIR(.\Lib;.\User;.\D
                    -river;.\App) DEBUG OBJECTEXTEND PRINT(.\Listings\App_Tracker.lst) TABS(2) OBJECT(.\Objects\App_Tracker.obj)

line level    source

   1          #include "App.h"
   2          #include "Tracker.h"
   3          #include "Motors.h"
   4          
   5          u8 is_tracking = 0; //0关闭巡线 1开启巡线
   6          
   7          void task_tracker() _task_ TASK_TRACK {
   8   1        u8 states[5] = {0};
   9   1      //  u8 i;
  10   1        int pos = 0, last_pos = -10000;
  11   1        Tracker_init();
  12   1        while(1) {
  13   2          pos = Tracker_get_position();
  14   2      
  15   2          if(isLowPower()) { // 电量低，停车
  16   3            Motors_stop();
  17   3            os_wait2(K_TMO, 4);// 20ms
  18   3            continue;
  19   3          }
  20   2      
  21   2          // 如果启用了超声测距，则判断障碍物距离，如果小于20cm，则停车
  22   2          if(is_ultrasonic_enable && global_distance_cm != -1) {
  23   3            if(global_distance_cm < 20) {
  24   4              printf("停车，前方有障碍物: %.2f cm\n", global_distance_cm);
  25   4              Motors_stop();
  26   4              os_wait2(K_TMO, 4);// 20ms
  27   4              last_pos = -10000; // 恢复默认值，避免障碍物移除后，继续停车
  28   4              continue;
  29   4            }
  30   3          }
  31   2      
  32   2          // 如果pos没有发生变化，不要重复执行
  33   2          if(pos == last_pos) {
  34   3            os_wait2(K_TMO, 4);// 20ms， 50Hz
  35   3            continue;
  36   3          }
  37   2          // 记录当前值，作为上一次状态
  38   2          last_pos = pos;
  39   2      
  40   2          printf("pos-> %d\n", pos);
  41   2      
  42   2          if(pos < 0) { // 左转
  43   3            Motors_around(30, 0);
  44   3            printf("Change-> %d 左转\n", pos);
  45   3          } else if(pos > 0) { // 右转
  46   3            Motors_around(30, 1);
  47   3            printf("Change-> %d 右转\n", pos);
  48   3          } else {
  49   3            Motors_forward(30);
  50   3            printf("Change-> %d 直行\n", pos);
  51   3          }
  52   2      //    os_wait2(K_TMO, 10);// 50ms
  53   2          os_wait2(K_TMO, 4);// 20ms
  54   2        }
C51 COMPILER V9.60.7.0   APP_TRACKER                                                       08/29/2024 12:06:30 PAGE 2   

  55   1      
  56   1      }


MODULE INFORMATION:   STATIC OVERLAYABLE
   CODE SIZE        =    351    ----
   CONSTANT SIZE    =     98    ----
   XDATA SIZE       =      1       9
   PDATA SIZE       =   ----    ----
   DATA SIZE        =   ----    ----
   IDATA SIZE       =   ----    ----
   BIT SIZE         =   ----    ----
END OF MODULE INFORMATION.


C51 COMPILATION COMPLETE.  0 WARNING(S),  0 ERROR(S)
