C51 COMPILER V9.60.7.0   BATTERY                                                           08/29/2024 12:06:30 PAGE 1   


C51 COMPILER V9.60.7.0, COMPILATION OF MODULE BATTERY
OBJECT MODULE PLACED IN .\Objects\Battery.obj
COMPILER INVOKED BY: D:\Keil_v5\C51\BIN\C51.EXE Driver\Battery.c LARGE OPTIMIZE(8,SPEED) BROWSE INCDIR(.\Lib;.\User;.\Dr
                    -iver;.\App) DEBUG OBJECTEXTEND PRINT(.\Listings\Battery.lst) TABS(2) OBJECT(.\Objects\Battery.obj)

line level    source

   1          #include "Battery.h"
   2          #include "GPIO.h"
   3          #include "ADC.h"
   4          #include "NVIC.h"
   5          
   6          static void GPIO_config(void) {
   7   1          GPIO_InitTypeDef  GPIO_InitStructure;   //结构定义
   8   1          GPIO_InitStructure.Pin  = GPIO_Pin_3;   //指定要初始化的IO,
   9   1          GPIO_InitStructure.Mode = GPIO_HighZ; //指定IO的输入或输出方式,GPIO_PullUp,GPIO_HighZ,GPIO_OUT_OD,GPIO
             -_OUT_PP
  10   1          GPIO_Inilize(GPIO_P1, &GPIO_InitStructure);//初始化
  11   1      }
  12          /******************* AD配置函数 *******************/
  13          void  ADC_config(void)
  14          {
  15   1        ADC_InitTypeDef   ADC_InitStructure;    //结构定义
  16   1      
  17   1        ADC_InitStructure.ADC_SMPduty   = 31;   //ADC 模拟信号采样时间控制, 0~31（注意： SMPDUTY 一定不能设置小于 
             -10）
  18   1        ADC_InitStructure.ADC_CsSetup   = 0;    //ADC 通道选择时间控制 0(默认),1
  19   1        ADC_InitStructure.ADC_CsHold    = 1;    //ADC 通道选择保持时间控制 0,1(默认),2,3
  20   1        ADC_InitStructure.ADC_Speed     = ADC_SPEED_2X1T;   //设置 ADC 工作时钟频率 ADC_SPEED_2X1T~ADC_SPEED_2X16T
  21   1        ADC_InitStructure.ADC_AdjResult = ADC_RIGHT_JUSTIFIED;  //ADC结果调整,  ADC_LEFT_JUSTIFIED,ADC_RIGHT_JUSTIF
             -IED
  22   1        ADC_Inilize(&ADC_InitStructure);        //初始化
  23   1        ADC_PowerControl(ENABLE);               //ADC电源开关, ENABLE或DISABLE
  24   1        NVIC_ADC_Init(DISABLE,Priority_0);      //中断使能, ENABLE/DISABLE; 优先级(低到高) Priority_0,Priority_1,Pri
             -ority_2,Priority_3
  25   1      }
  26          void Battery_init(){
  27   1        GPIO_config();
  28   1        ADC_config();
  29   1      }
  30          
  31          float Battery_get_voltage(){
  32   1        u16 result = Get_ADCResult(ADC_CH3);// chn: ADC_CH0, ADC_CH1, ADC_CH2 .... ADC_CH15
  33   1      
  34   1        // result / 4096 = vol / 2.5
  35   1        float Vadc = result * 2.5 / 4096;
  36   1        
  37   1        // Vcc / (51kΩ + 10kΩ) = Vadc / 10kΩ
  38   1        return (Vadc * 6.1) * 1.005; 
  39   1        
  40   1      }


MODULE INFORMATION:   STATIC OVERLAYABLE
   CODE SIZE        =    132    ----
   CONSTANT SIZE    =   ----    ----
   XDATA SIZE       =   ----      11
   PDATA SIZE       =   ----    ----
   DATA SIZE        =   ----    ----
   IDATA SIZE       =   ----    ----
   BIT SIZE         =   ----    ----
C51 COMPILER V9.60.7.0   BATTERY                                                           08/29/2024 12:06:30 PAGE 2   

END OF MODULE INFORMATION.


C51 COMPILATION COMPLETE.  0 WARNING(S),  0 ERROR(S)
