C51 COMPILER V9.60.7.0   KEY                                                               08/29/2024 12:06:30 PAGE 1   


C51 COMPILER V9.60.7.0, COMPILATION OF MODULE KEY
OBJECT MODULE PLACED IN .\Objects\Key.obj
COMPILER INVOKED BY: D:\Keil_v5\C51\BIN\C51.EXE Driver\Key.c LARGE OPTIMIZE(8,SPEED) BROWSE INCDIR(.\Lib;.\User;.\Driver
                    -;.\App) DEBUG OBJECTEXTEND PRINT(.\Listings\Key.lst) TABS(2) OBJECT(.\Objects\Key.obj)

line level    source

   1          #include "Key.h"
   2          #include "GPIO.h"
   3          
   4          #define KEY   P05
   5          
   6          void Key_init(){
   7   1        P0_MODE_IO_PU(GPIO_Pin_5);
   8   1      }
   9          
  10          
  11          void Key_scan(){
  12   1        static u8 pre_state = 1;
  13   1        
  14   1        // 如果状态发生变化
  15   1        if(KEY != pre_state){
  16   2          
  17   2          if(KEY){ // 抬起
  18   3            Key_on_up();
  19   3          }else {  // 按下
  20   3            Key_on_down();
  21   3          }
  22   2          
  23   2          pre_state = KEY;
  24   2        }
  25   1      }


MODULE INFORMATION:   STATIC OVERLAYABLE
   CODE SIZE        =     39    ----
   CONSTANT SIZE    =   ----    ----
   XDATA SIZE       =      1    ----
   PDATA SIZE       =   ----    ----
   DATA SIZE        =   ----    ----
   IDATA SIZE       =   ----    ----
   BIT SIZE         =   ----    ----
END OF MODULE INFORMATION.


C51 COMPILATION COMPLETE.  0 WARNING(S),  0 ERROR(S)
