C51 COMPILER V9.60.7.0   LIGHT                                                             08/29/2024 12:06:30 PAGE 1   


C51 COMPILER V9.60.7.0, COMPILATION OF MODULE LIGHT
OBJECT MODULE PLACED IN .\Objects\Light.obj
COMPILER INVOKED BY: D:\Keil_v5\C51\BIN\C51.EXE Driver\Light.c LARGE OPTIMIZE(8,SPEED) BROWSE INCDIR(.\Lib;.\User;.\Driv
                    -er;.\App) DEBUG OBJECTEXTEND PRINT(.\Listings\Light.lst) TABS(2) OBJECT(.\Objects\Light.obj)

line level    source

   1          #include "Light.h"
   2          #include "GPIO.h"
   3          
   4          
   5          static void GPIO_config(u8 port, u8 pin) {
   6   1        GPIO_InitTypeDef  GPIO_InitStructure;   //结构定义
   7   1        
   8   1        // LED init
   9   1        GPIO_InitStructure.Pin  = pin;    //指定要初始化的IO,
  10   1        GPIO_InitStructure.Mode = GPIO_OUT_PP;  //指定IO的输入或输出方式,GPIO_PullUp,GPIO_HighZ,GPIO_OUT_OD,GPIO_O
             -UT_PP
  11   1        GPIO_Inilize(port, &GPIO_InitStructure);//初始化
  12   1      }
  13          
  14          
  15          void Light_init(){
  16   1        GPIO_config(GPIO_L);
  17   1        GPIO_config(GPIO_R);
  18   1        
  19   1        // 默认全部熄灭
  20   1        Light_off(LIGHT_ALL);
  21   1      }
  22          
  23          // 开灯：左，右，全部
  24          void Light_on(Light light){
  25   1        if(light == LIGHT_ALL){
  26   2          LED_L = 1;
  27   2          LED_R = 1;
  28   2        }else if(light == LIGHT_LEFT){
  29   2          LED_L = 1;
  30   2        }else if(light == LIGHT_RIGHT){
  31   2          LED_R = 1;
  32   2        }
  33   1      }
  34          
  35          // 关灯：左，右，全部
  36          void Light_off(Light light){
  37   1        switch(light){
  38   2          case LIGHT_LEFT: 
  39   2            LED_L = 0;
  40   2            break;
  41   2          case LIGHT_RIGHT: 
  42   2            LED_R = 0;
  43   2            break;
  44   2          case LIGHT_ALL: 
  45   2            LED_L = 0;
  46   2            LED_R = 0;
  47   2            break;
  48   2          default:
  49   2            break;
  50   2        }
  51   1      }


C51 COMPILER V9.60.7.0   LIGHT                                                             08/29/2024 12:06:30 PAGE 2   

MODULE INFORMATION:   STATIC OVERLAYABLE
   CODE SIZE        =     83    ----
   CONSTANT SIZE    =   ----    ----
   XDATA SIZE       =   ----       2
   PDATA SIZE       =   ----    ----
   DATA SIZE        =   ----    ----
   IDATA SIZE       =   ----    ----
   BIT SIZE         =   ----    ----
END OF MODULE INFORMATION.


C51 COMPILATION COMPLETE.  0 WARNING(S),  0 ERROR(S)
